.\bin\Debug\FaceVeri.ilk
.\bin\Debug\FaceVeri.pdb
D:\MxSDK\FaceVeri\.\bin\Debug\FaceVeri.exe
D:\MxSDK\FaceVeri\.\bin\Debug\FaceVeri.exe.intermediate.manifest
D:\MxSDK\FaceVeri\bin\Debug\cl.command.1.tlog
D:\MxSDK\FaceVeri\bin\Debug\CL.read.1.tlog
D:\MxSDK\FaceVeri\bin\Debug\CL.write.1.tlog
D:\MXSDK\FACEVERI\BIN\DEBUG\FACEVERI.EXE
D:\MXSDK\FACEVERI\BIN\DEBUG\FACEVERI.EXE.EMBED.MANIFEST
D:\MXSDK\FACEVERI\BIN\DEBUG\FACEVERI.EXE.EMBED.MANIFEST.RES
D:\MXSDK\FACEVERI\BIN\DEBUG\FACEVERI.EXE.INTERMEDIATE.MANIFEST
D:\MXSDK\FACEVERI\BIN\DEBUG\FACEVERI.ILK
D:\MXSDK\FACEVERI\BIN\DEBUG\FACEVERI.OBJ
D:\MXSDK\FACEVERI\BIN\DEBUG\FACEVERI.PCH
D:\MXSDK\FACEVERI\BIN\DEBUG\FACEVERI.PDB
D:\MXSDK\FACEVERI\BIN\DEBUG\FACEVERI.RES
D:\MxSDK\FaceVeri\bin\Debug\FaceVeri_manifest.rc
D:\MxSDK\FaceVeri\bin\Debug\link.4648.read.1.tlog
D:\MxSDK\FaceVeri\bin\Debug\link.4648.write.1.tlog
D:\MxSDK\FaceVeri\bin\Debug\link.4648-cvtres.read.1.tlog
D:\MxSDK\FaceVeri\bin\Debug\link.4648-cvtres.write.1.tlog
D:\MxSDK\FaceVeri\bin\Debug\link.command.1.tlog
D:\MxSDK\FaceVeri\bin\Debug\link.read.1.tlog
D:\MxSDK\FaceVeri\bin\Debug\link.write.1.tlog
D:\MxSDK\FaceVeri\bin\Debug\link-cvtres.read.1.tlog
D:\MxSDK\FaceVeri\bin\Debug\link-cvtres.write.1.tlog
D:\MxSDK\FaceVeri\bin\Debug\mt.command.1.tlog
D:\MxSDK\FaceVeri\bin\Debug\mt.read.1.tlog
D:\MxSDK\FaceVeri\bin\Debug\mt.write.1.tlog
D:\MxSDK\FaceVeri\bin\Debug\rc.command.1.tlog
D:\MxSDK\FaceVeri\bin\Debug\rc.read.1.tlog
D:\MxSDK\FaceVeri\bin\Debug\rc.write.1.tlog
D:\MXSDK\FACEVERI\BIN\DEBUG\STDAFX.OBJ
D:\MxSDK\FaceVeri\bin\Debug\vc100.idb
D:\MXSDK\FACEVERI\BIN\DEBUG\VC100.PDB
