.\bin\Release\FaceVeri.pdb
D:\MxSDK\FaceVeri\.\bin\Release\FaceVeri.exe
D:\MxSDK\FaceVeri\.\bin\Release\FaceVeri.exe.intermediate.manifest
D:\MxSDK\FaceVeri\bin\Release\cl.command.1.tlog
D:\MxSDK\FaceVeri\bin\Release\CL.read.1.tlog
D:\MxSDK\FaceVeri\bin\Release\CL.write.1.tlog
D:\MXSDK\FACEVERI\BIN\RELEASE\FACEVERI.EXE
D:\MXSDK\FACEVERI\BIN\RELEASE\FACEVERI.EXE.INTERMEDIATE.MANIFEST
D:\MXSDK\FACEVERI\BIN\RELEASE\FACEVERI.OBJ
D:\MXSDK\FACEVERI\BIN\RELEASE\FACEVERI.PCH
D:\MXSDK\FACEVERI\BIN\RELEASE\FACEVERI.PDB
D:\MXSDK\FACEVERI\BIN\RELEASE\FACEVERI.RES
D:\MxSDK\FaceVeri\bin\Release\link.command.1.tlog
D:\MxSDK\FaceVeri\bin\Release\link.read.1.tlog
D:\MxSDK\FaceVeri\bin\Release\link.write.1.tlog
D:\MxSDK\FaceVeri\bin\Release\link-cvtres.read.1.tlog
D:\MxSDK\FaceVeri\bin\Release\link-cvtres.write.1.tlog
D:\MxSDK\FaceVeri\bin\Release\mt.command.1.tlog
D:\MxSDK\FaceVeri\bin\Release\mt.read.1.tlog
D:\MxSDK\FaceVeri\bin\Release\mt.write.1.tlog
D:\MxSDK\FaceVeri\bin\Release\rc.command.1.tlog
D:\MxSDK\FaceVeri\bin\Release\rc.read.1.tlog
D:\MxSDK\FaceVeri\bin\Release\rc.write.1.tlog
D:\MXSDK\FACEVERI\BIN\RELEASE\STDAFX.OBJ
D:\MXSDK\FACEVERI\BIN\RELEASE\VC100.PDB
